<?xml version="1.0" encoding="UTF-8"?>
<!-- Generated by org.testng.reporters.JUnitReportReporter -->
<testsuite hostname="Notebook" failures="0" tests="1" name="com.selenium.MavenPractice.Rest_Assured_Test" time="0.000" errors="0" timestamp="2022-03-04T11:47:43 IST" skipped="0">
  <testcase classname="com.selenium.MavenPractice.Rest_Assured_Test" name="Login" time="0.000"/>
  <system-out/>
</testsuite> <!-- com.selenium.MavenPractice.Rest_Assured_Test -->
