<?xml version="1.0" encoding="UTF-8"?>
<!-- Generated by org.testng.reporters.JUnitReportReporter -->
<testsuite hostname="Notebook" failures="0" tests="1" name="com.selenium.MavenPractice.Appium_Test" time="0.009" errors="0" timestamp="2022-03-04T12:33:09 IST" skipped="0">
  <testcase classname="com.selenium.MavenPractice.Appium_Test" name="Login" time="0.009"/>
  <system-out/>
</testsuite> <!-- com.selenium.MavenPractice.Appium_Test -->
